2025-11-27 12:38:52 - WARNING - torchvision视频模型不可用，将使用简化版本
2025-11-27 12:38:53 - INFO - 随机种子设置为: 15
2025-11-27 12:38:53 - WARNING - 模型文件 saved_models\robust_wavelet_stgnn_model.pth 不存在
2025-11-27 12:38:53 - ERROR - 模型加载失败
2025-11-27 12:49:48 - WARNING - torchvision视频模型不可用，将使用简化版本
2025-11-27 12:49:48 - INFO - 随机种子设置为: 15
2025-11-27 12:49:49 - WARNING - 模型文件 saved_models\robust_wavelet_stgnn_model.pth 不存在
2025-11-27 12:49:49 - ERROR - 模型加载失败
2025-11-27 12:50:11 - WARNING - torchvision视频模型不可用，将使用简化版本
2025-11-27 12:50:12 - INFO - 随机种子设置为: 15
2025-11-27 12:50:12 - INFO - 训练器初始化完成
2025-11-27 12:50:12 - INFO - 设备: cuda
2025-11-27 12:50:12 - INFO - 多样性权重: 0.1
2025-11-27 12:50:12 - INFO - 对比权重: 1.0
2025-11-27 12:50:12 - INFO - 边界值: 1.0
2025-11-27 12:50:12 - INFO - 开始鲁棒训练...
2025-11-27 12:50:12 - INFO - 设备: cuda
2025-11-27 12:50:12 - INFO - 第一阶段训练: 75 epochs, 学习率: 0.001
2025-11-27 12:50:12 - INFO - Epoch [1/150]
2025-11-27 12:50:18 - WARNING - torchvision视频模型不可用，将使用简化版本
2025-11-27 12:50:18 - WARNING - torchvision视频模型不可用，将使用简化版本
2025-11-27 12:50:23 - WARNING - 批次 0: 计算InfoNCE损失失败: 'NoneType' object has no attribute 'device'
2025-11-27 12:50:23 - WARNING - 批次 1: 计算InfoNCE损失失败: 'NoneType' object has no attribute 'device'
2025-11-27 12:50:23 - WARNING - 批次 2: 计算InfoNCE损失失败: 'NoneType' object has no attribute 'device'
2025-11-27 12:50:23 - WARNING - 批次 3: 计算InfoNCE损失失败: 'NoneType' object has no attribute 'device'
2025-11-27 12:50:23 - WARNING - 批次 4: 计算InfoNCE损失失败: 'NoneType' object has no attribute 'device'
2025-11-27 12:50:23 - WARNING - 批次 5: 计算InfoNCE损失失败: 'NoneType' object has no attribute 'device'
2025-11-27 12:50:23 - WARNING - 批次 6: 计算InfoNCE损失失败: 'NoneType' object has no attribute 'device'
2025-11-27 12:50:23 - WARNING - 批次 7: 计算InfoNCE损失失败: 'NoneType' object has no attribute 'device'
2025-11-27 12:50:23 - WARNING - 批次 8: 计算InfoNCE损失失败: 'NoneType' object has no attribute 'device'
2025-11-27 12:50:23 - WARNING - 批次 9: 计算InfoNCE损失失败: 'NoneType' object has no attribute 'device'
2025-11-27 12:50:24 - WARNING - 批次 10: 计算InfoNCE损失失败: 'NoneType' object has no attribute 'device'
2025-11-27 12:50:24 - WARNING - 批次 11: 计算InfoNCE损失失败: 'NoneType' object has no attribute 'device'
2025-11-27 12:50:24 - WARNING - 批次 12: 计算InfoNCE损失失败: 'NoneType' object has no attribute 'device'
2025-11-27 12:50:24 - WARNING - 批次 13: 计算InfoNCE损失失败: 'NoneType' object has no attribute 'device'
2025-11-27 12:50:24 - WARNING - 批次 14: 计算InfoNCE损失失败: 'NoneType' object has no attribute 'device'
2025-11-27 12:50:24 - WARNING - 批次 15: 计算InfoNCE损失失败: 'NoneType' object has no attribute 'device'
2025-11-27 12:50:24 - WARNING - 批次 16: 计算InfoNCE损失失败: 'NoneType' object has no attribute 'device'
2025-11-27 12:50:24 - WARNING - 批次 17: 计算InfoNCE损失失败: 'NoneType' object has no attribute 'device'
2025-11-27 12:50:24 - WARNING - 批次 18: 计算InfoNCE损失失败: 'NoneType' object has no attribute 'device'
2025-11-27 12:50:24 - WARNING - 批次 19: 计算InfoNCE损失失败: 'NoneType' object has no attribute 'device'
2025-11-27 12:50:25 - WARNING - 批次 20: 计算InfoNCE损失失败: 'NoneType' object has no attribute 'device'
2025-11-27 12:50:25 - WARNING - 批次 21: 计算InfoNCE损失失败: 'NoneType' object has no attribute 'device'
2025-11-27 12:50:25 - WARNING - 批次 22: 计算InfoNCE损失失败: 'NoneType' object has no attribute 'device'
2025-11-27 12:50:25 - WARNING - 批次 23: 计算InfoNCE损失失败: 'NoneType' object has no attribute 'device'
2025-11-27 12:50:25 - WARNING - 批次 24: 计算InfoNCE损失失败: 'NoneType' object has no attribute 'device'
2025-11-27 12:50:25 - WARNING - 批次 25: 计算InfoNCE损失失败: 'NoneType' object has no attribute 'device'
2025-11-27 12:50:25 - WARNING - 批次 26: 计算InfoNCE损失失败: 'NoneType' object has no attribute 'device'
2025-11-27 12:50:25 - WARNING - 批次 27: 计算InfoNCE损失失败: 'NoneType' object has no attribute 'device'
2025-11-27 12:50:26 - WARNING - 批次 28: 计算InfoNCE损失失败: 'NoneType' object has no attribute 'device'
2025-11-27 12:50:26 - WARNING - 批次 29: 计算InfoNCE损失失败: 'NoneType' object has no attribute 'device'
2025-11-27 12:50:26 - WARNING - 批次 30: 计算InfoNCE损失失败: 'NoneType' object has no attribute 'device'
2025-11-27 12:50:26 - WARNING - 批次 31: 计算InfoNCE损失失败: 'NoneType' object has no attribute 'device'
2025-11-27 12:50:26 - WARNING - 批次 32: 计算InfoNCE损失失败: 'NoneType' object has no attribute 'device'
2025-11-27 12:50:26 - WARNING - 批次 33: 计算InfoNCE损失失败: 'NoneType' object has no attribute 'device'
2025-11-27 12:50:26 - WARNING - 批次 34: 计算InfoNCE损失失败: 'NoneType' object has no attribute 'device'
2025-11-27 12:50:26 - WARNING - 批次 35: 计算InfoNCE损失失败: 'NoneType' object has no attribute 'device'
2025-11-27 12:50:26 - WARNING - 批次 36: 计算InfoNCE损失失败: 'NoneType' object has no attribute 'device'
2025-11-27 12:50:26 - WARNING - 批次 37: 计算InfoNCE损失失败: 'NoneType' object has no attribute 'device'
2025-11-27 12:50:26 - WARNING - 批次 38: 计算InfoNCE损失失败: 'NoneType' object has no attribute 'device'
2025-11-27 12:50:27 - WARNING - 批次 39: 计算InfoNCE损失失败: 'NoneType' object has no attribute 'device'
2025-11-27 12:50:27 - WARNING - 批次 40: 计算InfoNCE损失失败: 'NoneType' object has no attribute 'device'
2025-11-27 12:50:27 - WARNING - 批次 41: 计算InfoNCE损失失败: 'NoneType' object has no attribute 'device'
2025-11-27 12:50:27 - WARNING - 批次 42: 计算InfoNCE损失失败: 'NoneType' object has no attribute 'device'
2025-11-27 12:50:27 - WARNING - 批次 43: 计算InfoNCE损失失败: 'NoneType' object has no attribute 'device'
2025-11-27 12:50:27 - WARNING - 批次 44: 计算InfoNCE损失失败: 'NoneType' object has no attribute 'device'
2025-11-27 12:50:27 - WARNING - 批次 45: 计算InfoNCE损失失败: 'NoneType' object has no attribute 'device'
2025-11-27 12:50:27 - WARNING - 批次 46: 计算InfoNCE损失失败: 'NoneType' object has no attribute 'device'
2025-11-27 12:50:27 - WARNING - 批次 47: 计算InfoNCE损失失败: 'NoneType' object has no attribute 'device'
2025-11-27 12:50:27 - WARNING - 批次 48: 计算InfoNCE损失失败: 'NoneType' object has no attribute 'device'
2025-11-27 12:50:28 - WARNING - 训练批次计数为0
2025-11-27 12:50:35 - WARNING - torchvision视频模型不可用，将使用简化版本
2025-11-27 12:50:35 - WARNING - torchvision视频模型不可用，将使用简化版本
2025-11-27 12:50:38 - INFO -   验证损失: 0.0000
2025-11-27 12:50:45 - WARNING - torchvision视频模型不可用，将使用简化版本
2025-11-27 12:50:45 - WARNING - torchvision视频模型不可用，将使用简化版本
2025-11-27 12:50:48 - WARNING - 使用默认阈值: 1.0
2025-11-27 13:20:48 - WARNING - torchvision视频模型不可用，将使用简化版本
2025-11-27 13:20:49 - INFO - 随机种子设置为: 15
2025-11-27 13:20:49 - INFO - 训练器初始化完成
2025-11-27 13:20:49 - INFO - 设备: cuda
2025-11-27 13:20:49 - INFO - 多样性权重: 0.1
2025-11-27 13:20:49 - INFO - 对比权重: 1.0
2025-11-27 13:20:49 - INFO - 边界值: 1.0
2025-11-27 13:20:49 - INFO - 开始鲁棒训练...
2025-11-27 13:20:49 - INFO - 设备: cuda
2025-11-27 13:20:49 - INFO - 第一阶段训练: 75 epochs, 学习率: 0.001
2025-11-27 13:20:49 - INFO - Epoch [1/150]
2025-11-27 13:20:55 - WARNING - torchvision视频模型不可用，将使用简化版本
2025-11-27 13:20:56 - WARNING - torchvision视频模型不可用，将使用简化版本
2025-11-27 13:20:59 - WARNING - 批次 0: 计算InfoNCE损失失败: 'NoneType' object has no attribute 'device'
2025-11-27 13:20:59 - WARNING - 批次 1: 计算InfoNCE损失失败: 'NoneType' object has no attribute 'device'
2025-11-27 13:20:59 - WARNING - 批次 2: 计算InfoNCE损失失败: 'NoneType' object has no attribute 'device'
2025-11-27 13:20:59 - WARNING - 批次 3: 计算InfoNCE损失失败: 'NoneType' object has no attribute 'device'
2025-11-27 13:20:59 - WARNING - 批次 4: 计算InfoNCE损失失败: 'NoneType' object has no attribute 'device'
2025-11-27 13:20:59 - WARNING - 批次 5: 计算InfoNCE损失失败: 'NoneType' object has no attribute 'device'
2025-11-27 13:20:59 - WARNING - 批次 6: 计算InfoNCE损失失败: 'NoneType' object has no attribute 'device'
2025-11-27 13:20:59 - WARNING - 批次 7: 计算InfoNCE损失失败: 'NoneType' object has no attribute 'device'
2025-11-27 13:20:59 - WARNING - 批次 8: 计算InfoNCE损失失败: 'NoneType' object has no attribute 'device'
2025-11-27 13:20:59 - WARNING - 批次 9: 计算InfoNCE损失失败: 'NoneType' object has no attribute 'device'
2025-11-27 13:20:59 - WARNING - 批次 10: 计算InfoNCE损失失败: 'NoneType' object has no attribute 'device'
2025-11-27 13:20:59 - WARNING - 批次 11: 计算InfoNCE损失失败: 'NoneType' object has no attribute 'device'
2025-11-27 13:20:59 - WARNING - 批次 12: 计算InfoNCE损失失败: 'NoneType' object has no attribute 'device'
2025-11-27 13:20:59 - WARNING - 批次 13: 计算InfoNCE损失失败: 'NoneType' object has no attribute 'device'
2025-11-27 13:20:59 - WARNING - 批次 14: 计算InfoNCE损失失败: 'NoneType' object has no attribute 'device'
2025-11-27 13:20:59 - WARNING - 批次 15: 计算InfoNCE损失失败: 'NoneType' object has no attribute 'device'
2025-11-27 13:20:59 - WARNING - 批次 16: 计算InfoNCE损失失败: 'NoneType' object has no attribute 'device'
2025-11-27 13:20:59 - WARNING - 批次 17: 计算InfoNCE损失失败: 'NoneType' object has no attribute 'device'
2025-11-27 13:20:59 - WARNING - 批次 18: 计算InfoNCE损失失败: 'NoneType' object has no attribute 'device'
2025-11-27 13:20:59 - WARNING - 批次 19: 计算InfoNCE损失失败: 'NoneType' object has no attribute 'device'
2025-11-27 13:20:59 - WARNING - 批次 20: 计算InfoNCE损失失败: 'NoneType' object has no attribute 'device'
2025-11-27 13:20:59 - WARNING - 批次 21: 计算InfoNCE损失失败: 'NoneType' object has no attribute 'device'
2025-11-27 13:20:59 - WARNING - 批次 22: 计算InfoNCE损失失败: 'NoneType' object has no attribute 'device'
2025-11-27 13:20:59 - WARNING - 批次 23: 计算InfoNCE损失失败: 'NoneType' object has no attribute 'device'
2025-11-27 13:21:00 - WARNING - 批次 24: 计算InfoNCE损失失败: 'NoneType' object has no attribute 'device'
2025-11-27 13:21:00 - WARNING - 批次 25: 计算InfoNCE损失失败: 'NoneType' object has no attribute 'device'
2025-11-27 13:21:00 - WARNING - 批次 26: 计算InfoNCE损失失败: 'NoneType' object has no attribute 'device'
2025-11-27 13:21:00 - WARNING - 批次 27: 计算InfoNCE损失失败: 'NoneType' object has no attribute 'device'
2025-11-27 13:21:00 - WARNING - 批次 28: 计算InfoNCE损失失败: 'NoneType' object has no attribute 'device'
2025-11-27 13:21:00 - WARNING - 批次 29: 计算InfoNCE损失失败: 'NoneType' object has no attribute 'device'
2025-11-27 13:21:00 - WARNING - 批次 30: 计算InfoNCE损失失败: 'NoneType' object has no attribute 'device'
2025-11-27 13:21:00 - WARNING - 批次 31: 计算InfoNCE损失失败: 'NoneType' object has no attribute 'device'
2025-11-27 13:21:00 - WARNING - 批次 32: 计算InfoNCE损失失败: 'NoneType' object has no attribute 'device'
2025-11-27 13:21:00 - WARNING - 批次 33: 计算InfoNCE损失失败: 'NoneType' object has no attribute 'device'
2025-11-27 13:21:00 - WARNING - 批次 34: 计算InfoNCE损失失败: 'NoneType' object has no attribute 'device'
2025-11-27 13:21:00 - WARNING - 批次 35: 计算InfoNCE损失失败: 'NoneType' object has no attribute 'device'
2025-11-27 13:21:00 - WARNING - 批次 36: 计算InfoNCE损失失败: 'NoneType' object has no attribute 'device'
2025-11-27 13:21:00 - WARNING - 批次 37: 计算InfoNCE损失失败: 'NoneType' object has no attribute 'device'
2025-11-27 13:21:00 - WARNING - 批次 38: 计算InfoNCE损失失败: 'NoneType' object has no attribute 'device'
2025-11-27 13:21:00 - WARNING - 批次 39: 计算InfoNCE损失失败: 'NoneType' object has no attribute 'device'
2025-11-27 13:21:00 - WARNING - 批次 40: 计算InfoNCE损失失败: 'NoneType' object has no attribute 'device'
2025-11-27 13:21:00 - WARNING - 批次 41: 计算InfoNCE损失失败: 'NoneType' object has no attribute 'device'
2025-11-27 13:21:00 - WARNING - 批次 42: 计算InfoNCE损失失败: 'NoneType' object has no attribute 'device'
2025-11-27 13:21:00 - WARNING - 批次 43: 计算InfoNCE损失失败: 'NoneType' object has no attribute 'device'
2025-11-27 13:21:00 - WARNING - 批次 44: 计算InfoNCE损失失败: 'NoneType' object has no attribute 'device'
2025-11-27 13:21:00 - WARNING - 批次 45: 计算InfoNCE损失失败: 'NoneType' object has no attribute 'device'
2025-11-27 13:21:00 - WARNING - 批次 46: 计算InfoNCE损失失败: 'NoneType' object has no attribute 'device'
2025-11-27 13:21:00 - WARNING - 批次 47: 计算InfoNCE损失失败: 'NoneType' object has no attribute 'device'
2025-11-27 13:21:00 - WARNING - 批次 48: 计算InfoNCE损失失败: 'NoneType' object has no attribute 'device'
2025-11-27 13:21:01 - WARNING - 训练批次计数为0
2025-11-27 13:27:21 - WARNING - torchvision视频模型不可用，将使用简化版本
2025-11-27 13:27:22 - INFO - 随机种子设置为: 15
2025-11-27 13:27:22 - WARNING - 模型文件 saved_models\robust_wavelet_stgnn_model.pth 不存在
2025-11-27 13:27:22 - ERROR - 模型加载失败
2025-11-27 13:28:22 - WARNING - torchvision视频模型不可用，将使用简化版本
2025-11-27 13:28:23 - INFO - 随机种子设置为: 15
2025-11-27 13:28:23 - INFO - 训练器初始化完成
2025-11-27 13:28:23 - INFO - 设备: cuda
2025-11-27 13:28:23 - INFO - 多样性权重: 0.1
2025-11-27 13:28:23 - INFO - 对比权重: 1.0
2025-11-27 13:28:23 - INFO - 边界值: 1.0
2025-11-27 13:32:19 - INFO - 开始鲁棒训练...
2025-11-27 13:32:19 - INFO - 设备: cuda
2025-11-27 13:32:19 - INFO - 第一阶段训练: 75 epochs, 学习率: 0.001
2025-11-27 13:32:19 - INFO - Epoch [1/150]
2025-11-27 13:32:29 - WARNING - torchvision视频模型不可用，将使用简化版本
2025-11-27 13:32:31 - WARNING - torchvision视频模型不可用，将使用简化版本
2025-11-27 13:32:33 - WARNING - 批次 0: 计算InfoNCE损失失败: 'NoneType' object has no attribute 'device'
2025-11-27 13:32:33 - WARNING - 批次 1: 计算InfoNCE损失失败: 'NoneType' object has no attribute 'device'
2025-11-27 13:32:33 - WARNING - 批次 2: 计算InfoNCE损失失败: 'NoneType' object has no attribute 'device'
2025-11-27 13:32:33 - WARNING - 批次 3: 计算InfoNCE损失失败: 'NoneType' object has no attribute 'device'
2025-11-27 13:32:33 - WARNING - 批次 4: 计算InfoNCE损失失败: 'NoneType' object has no attribute 'device'
2025-11-27 13:32:33 - WARNING - 批次 5: 计算InfoNCE损失失败: 'NoneType' object has no attribute 'device'
2025-11-27 13:32:33 - WARNING - 批次 6: 计算InfoNCE损失失败: 'NoneType' object has no attribute 'device'
2025-11-27 13:32:33 - WARNING - 批次 7: 计算InfoNCE损失失败: 'NoneType' object has no attribute 'device'
2025-11-27 13:32:33 - WARNING - 批次 8: 计算InfoNCE损失失败: 'NoneType' object has no attribute 'device'
2025-11-27 13:32:33 - WARNING - 批次 9: 计算InfoNCE损失失败: 'NoneType' object has no attribute 'device'
2025-11-27 13:32:33 - WARNING - 批次 10: 计算InfoNCE损失失败: 'NoneType' object has no attribute 'device'
2025-11-27 13:32:33 - WARNING - 批次 11: 计算InfoNCE损失失败: 'NoneType' object has no attribute 'device'
2025-11-27 13:32:33 - WARNING - 批次 12: 计算InfoNCE损失失败: 'NoneType' object has no attribute 'device'
2025-11-27 13:32:33 - WARNING - 批次 13: 计算InfoNCE损失失败: 'NoneType' object has no attribute 'device'
2025-11-27 13:32:33 - WARNING - 批次 14: 计算InfoNCE损失失败: 'NoneType' object has no attribute 'device'
2025-11-27 13:32:33 - WARNING - 批次 15: 计算InfoNCE损失失败: 'NoneType' object has no attribute 'device'
2025-11-27 13:32:33 - WARNING - 批次 16: 计算InfoNCE损失失败: 'NoneType' object has no attribute 'device'
2025-11-27 13:32:33 - WARNING - 批次 17: 计算InfoNCE损失失败: 'NoneType' object has no attribute 'device'
2025-11-27 13:32:33 - WARNING - 批次 18: 计算InfoNCE损失失败: 'NoneType' object has no attribute 'device'
2025-11-27 13:32:33 - WARNING - 批次 19: 计算InfoNCE损失失败: 'NoneType' object has no attribute 'device'
2025-11-27 13:32:33 - WARNING - 批次 20: 计算InfoNCE损失失败: 'NoneType' object has no attribute 'device'
2025-11-27 13:32:33 - WARNING - 批次 21: 计算InfoNCE损失失败: 'NoneType' object has no attribute 'device'
2025-11-27 13:32:33 - WARNING - 批次 22: 计算InfoNCE损失失败: 'NoneType' object has no attribute 'device'
2025-11-27 13:32:33 - WARNING - 批次 23: 计算InfoNCE损失失败: 'NoneType' object has no attribute 'device'
2025-11-27 13:32:34 - WARNING - 批次 24: 计算InfoNCE损失失败: 'NoneType' object has no attribute 'device'
2025-11-27 13:32:34 - WARNING - 批次 25: 计算InfoNCE损失失败: 'NoneType' object has no attribute 'device'
2025-11-27 13:32:34 - WARNING - 批次 26: 计算InfoNCE损失失败: 'NoneType' object has no attribute 'device'
2025-11-27 13:32:34 - WARNING - 批次 27: 计算InfoNCE损失失败: 'NoneType' object has no attribute 'device'
2025-11-27 13:32:34 - WARNING - 批次 28: 计算InfoNCE损失失败: 'NoneType' object has no attribute 'device'
2025-11-27 13:32:34 - WARNING - 批次 29: 计算InfoNCE损失失败: 'NoneType' object has no attribute 'device'
2025-11-27 13:32:34 - WARNING - 批次 30: 计算InfoNCE损失失败: 'NoneType' object has no attribute 'device'
2025-11-27 13:32:34 - WARNING - 批次 31: 计算InfoNCE损失失败: 'NoneType' object has no attribute 'device'
2025-11-27 13:32:34 - WARNING - 批次 32: 计算InfoNCE损失失败: 'NoneType' object has no attribute 'device'
2025-11-27 13:32:34 - WARNING - 批次 33: 计算InfoNCE损失失败: 'NoneType' object has no attribute 'device'
2025-11-27 13:32:34 - WARNING - 批次 34: 计算InfoNCE损失失败: 'NoneType' object has no attribute 'device'
2025-11-27 13:32:34 - WARNING - 批次 35: 计算InfoNCE损失失败: 'NoneType' object has no attribute 'device'
2025-11-27 13:32:34 - WARNING - 批次 36: 计算InfoNCE损失失败: 'NoneType' object has no attribute 'device'
2025-11-27 13:32:34 - WARNING - 批次 37: 计算InfoNCE损失失败: 'NoneType' object has no attribute 'device'
2025-11-27 13:32:34 - WARNING - 批次 38: 计算InfoNCE损失失败: 'NoneType' object has no attribute 'device'
2025-11-27 13:32:34 - WARNING - 批次 39: 计算InfoNCE损失失败: 'NoneType' object has no attribute 'device'
2025-11-27 13:32:34 - WARNING - 批次 40: 计算InfoNCE损失失败: 'NoneType' object has no attribute 'device'
2025-11-27 13:32:34 - WARNING - 批次 41: 计算InfoNCE损失失败: 'NoneType' object has no attribute 'device'
2025-11-27 13:32:34 - WARNING - 批次 42: 计算InfoNCE损失失败: 'NoneType' object has no attribute 'device'
2025-11-27 13:32:34 - WARNING - 批次 43: 计算InfoNCE损失失败: 'NoneType' object has no attribute 'device'
2025-11-27 13:32:34 - WARNING - 批次 44: 计算InfoNCE损失失败: 'NoneType' object has no attribute 'device'
2025-11-27 13:32:34 - WARNING - 批次 45: 计算InfoNCE损失失败: 'NoneType' object has no attribute 'device'
2025-11-27 13:32:34 - WARNING - 批次 46: 计算InfoNCE损失失败: 'NoneType' object has no attribute 'device'
2025-11-27 13:32:34 - WARNING - 批次 47: 计算InfoNCE损失失败: 'NoneType' object has no attribute 'device'
2025-11-27 13:32:34 - WARNING - 批次 48: 计算InfoNCE损失失败: 'NoneType' object has no attribute 'device'
2025-11-27 13:32:35 - WARNING - 训练批次计数为0
2025-11-27 13:32:46 - WARNING - torchvision视频模型不可用，将使用简化版本
2025-11-27 13:32:47 - WARNING - torchvision视频模型不可用，将使用简化版本
2025-11-27 13:58:11 - INFO - 随机种子设置为: 15
2025-11-27 14:00:21 - INFO - 随机种子设置为: 15
2025-11-27 14:03:21 - INFO - 训练器初始化完成
2025-11-27 14:03:21 - INFO - 设备: cuda
2025-11-27 14:03:21 - INFO - 多样性权重: 0.1
2025-11-27 14:03:21 - INFO - 对比权重: 1.0
2025-11-27 14:03:21 - INFO - 边界值: 1.0
2025-11-27 14:03:21 - INFO - 开始鲁棒训练...
2025-11-27 14:03:21 - INFO - 设备: cuda
2025-11-27 14:03:21 - INFO - 第一阶段训练: 75 epochs, 学习率: 0.001
2025-11-27 14:03:21 - INFO - Epoch [1/150]
2025-11-27 14:04:41 - INFO - 随机种子设置为: 15
2025-11-27 14:04:41 - INFO - 训练器初始化完成
2025-11-27 14:04:41 - INFO - 设备: cuda
2025-11-27 14:04:41 - INFO - 多样性权重: 0.1
2025-11-27 14:04:41 - INFO - 对比权重: 1.0
2025-11-27 14:04:41 - INFO - 边界值: 1.0
2025-11-27 14:04:41 - INFO - 开始鲁棒训练...
2025-11-27 14:04:41 - INFO - 设备: cuda
2025-11-27 14:04:41 - INFO - 第一阶段训练: 75 epochs, 学习率: 0.001
2025-11-27 14:04:41 - INFO - Epoch [1/150]
2025-11-27 14:05:34 - INFO -   训练损失 - 总损失: 1.5153, InfoNCE: 0.7243, BCE: 0.1134,diversity: 0.1000
2025-11-27 14:05:55 - INFO -   验证损失: 0.0000
2025-11-27 14:14:15 - INFO - 随机种子设置为: 15
2025-11-27 14:14:15 - WARNING - 模型文件 saved_models\robust_wavelet_stgnn_model.pth 不存在
2025-11-27 14:14:15 - ERROR - 模型加载失败
2025-11-27 14:14:27 - INFO - 随机种子设置为: 15
2025-11-27 14:14:27 - INFO - 训练器初始化完成
2025-11-27 14:14:27 - INFO - 设备: cuda
2025-11-27 14:14:27 - INFO - 多样性权重: 0.1
2025-11-27 14:14:27 - INFO - 对比权重: 1.0
2025-11-27 14:14:27 - INFO - 边界值: 1.0
2025-11-27 14:14:27 - INFO - 开始鲁棒训练...
2025-11-27 14:14:27 - INFO - 设备: cuda
2025-11-27 14:14:27 - INFO - 第一阶段训练: 75 epochs, 学习率: 0.001
2025-11-27 14:14:27 - INFO - Epoch [1/150]
2025-11-27 14:15:17 - INFO -   训练损失 - 总损失: 1.5153, InfoNCE: 0.7243, BCE: 0.1134,diversity: 0.1000
2025-11-27 15:32:18 - INFO - 随机种子设置为: 15
2025-11-27 15:32:18 - INFO - 训练器初始化完成
2025-11-27 15:32:18 - INFO - 设备: cuda
2025-11-27 15:32:18 - INFO - 多样性权重: 0.1
2025-11-27 15:32:18 - INFO - 对比权重: 1.0
2025-11-27 15:32:18 - INFO - 边界值: 1.0
2025-11-27 15:32:18 - INFO - 开始鲁棒训练...
2025-11-27 15:32:18 - INFO - 设备: cuda
2025-11-27 15:32:18 - INFO - 第一阶段训练: 75 epochs, 学习率: 0.001
2025-11-27 15:32:18 - INFO - Epoch [1/150]
2025-11-27 15:32:54 - INFO - 随机种子设置为: 15
2025-11-27 15:32:54 - INFO - 训练器初始化完成
2025-11-27 15:32:54 - INFO - 设备: cuda
2025-11-27 15:32:54 - INFO - 多样性权重: 0.1
2025-11-27 15:32:54 - INFO - 对比权重: 1.0
2025-11-27 15:32:54 - INFO - 边界值: 1.0
2025-11-27 15:32:54 - INFO - 开始鲁棒训练...
2025-11-27 15:32:54 - INFO - 设备: cuda
2025-11-27 15:32:54 - INFO - 第一阶段训练: 75 epochs, 学习率: 0.001
2025-11-27 15:32:54 - INFO - Epoch [1/150]
2025-11-27 15:36:47 - INFO - 随机种子设置为: 15
2025-11-27 15:36:48 - INFO - 训练器初始化完成
2025-11-27 15:36:48 - INFO - 设备: cuda
2025-11-27 15:36:48 - INFO - 多样性权重: 0.1
2025-11-27 15:36:48 - INFO - 对比权重: 1.0
2025-11-27 15:36:48 - INFO - 边界值: 1.0
2025-11-27 15:36:48 - INFO - 开始鲁棒训练...
2025-11-27 15:36:48 - INFO - 设备: cuda
2025-11-27 15:36:48 - INFO - 第一阶段训练: 75 epochs, 学习率: 0.001
2025-11-27 15:36:48 - INFO - Epoch [1/150]
2025-11-27 15:37:26 - INFO -   训练损失 - 总损失: 1.5153, InfoNCE: 0.7243, BCE: 0.1134,diversity: 0.1000
2025-11-27 15:38:43 - INFO - 随机种子设置为: 15
2025-11-27 15:38:43 - INFO - 训练器初始化完成
2025-11-27 15:38:43 - INFO - 设备: cuda
2025-11-27 15:38:43 - INFO - 多样性权重: 0.1
2025-11-27 15:38:43 - INFO - 对比权重: 1.0
2025-11-27 15:38:43 - INFO - 边界值: 1.0
2025-11-27 15:38:43 - INFO - 开始鲁棒训练...
2025-11-27 15:38:43 - INFO - 设备: cuda
2025-11-27 15:38:43 - INFO - 第一阶段训练: 75 epochs, 学习率: 0.001
2025-11-27 15:38:43 - INFO - Epoch [1/150]
2025-11-27 15:39:29 - INFO - 随机种子设置为: 15
2025-11-27 15:39:30 - INFO - 训练器初始化完成
2025-11-27 15:39:30 - INFO - 设备: cuda
2025-11-27 15:39:30 - INFO - 多样性权重: 0.1
2025-11-27 15:39:30 - INFO - 对比权重: 1.0
2025-11-27 15:39:30 - INFO - 边界值: 1.0
2025-11-27 15:39:30 - INFO - 开始鲁棒训练...
2025-11-27 15:39:30 - INFO - 设备: cuda
2025-11-27 15:39:30 - INFO - 第一阶段训练: 75 epochs, 学习率: 0.001
2025-11-27 15:39:30 - INFO - Epoch [1/150]
2025-11-29 10:40:54 - INFO - 随机种子设置为: 15
2025-11-29 10:40:55 - INFO - 训练器初始化完成
2025-11-29 10:40:55 - INFO - 设备: cuda
2025-11-29 10:40:55 - INFO - 多样性权重: 0.1
2025-11-29 10:40:55 - INFO - 对比权重: 1.0
2025-11-29 10:40:55 - INFO - 边界值: 1.0
2025-11-29 10:40:55 - INFO - 开始鲁棒训练...
2025-11-29 10:40:55 - INFO - 设备: cuda
2025-11-29 10:40:55 - INFO - 第一阶段训练: 75 epochs, 学习率: 0.001
2025-11-29 10:40:55 - INFO - Epoch [1/150]
2025-11-29 10:52:45 - INFO - 随机种子设置为: 15
2025-11-29 10:52:46 - INFO - 训练器初始化完成
2025-11-29 10:52:46 - INFO - 设备: cuda
2025-11-29 10:52:46 - INFO - 多样性权重: 0.1
2025-11-29 10:52:46 - INFO - 对比权重: 1.0
2025-11-29 10:52:46 - INFO - 边界值: 1.0
2025-11-29 10:52:46 - INFO - 开始鲁棒训练...
2025-11-29 10:52:46 - INFO - 设备: cuda
2025-11-29 10:52:46 - INFO - 第一阶段训练: 75 epochs, 学习率: 0.001
2025-11-29 10:52:46 - INFO - Epoch [1/150]
2025-11-29 10:57:06 - INFO - 随机种子设置为: 15
2025-11-29 10:57:06 - INFO - 训练器初始化完成
2025-11-29 10:57:06 - INFO - 设备: cuda
2025-11-29 10:57:06 - INFO - 多样性权重: 0.1
2025-11-29 10:57:06 - INFO - 对比权重: 1.0
2025-11-29 10:57:06 - INFO - 边界值: 1.0
2025-11-29 10:57:06 - INFO - 开始鲁棒训练...
2025-11-29 10:57:06 - INFO - 设备: cuda
2025-11-29 10:57:06 - INFO - 第一阶段训练: 75 epochs, 学习率: 0.001
2025-11-29 10:57:06 - INFO - Epoch [1/150]
2025-11-29 11:04:38 - INFO - 随机种子设置为: 15
2025-11-29 11:04:38 - INFO - 训练器初始化完成
2025-11-29 11:04:38 - INFO - 设备: cuda
2025-11-29 11:04:38 - INFO - 多样性权重: 0.1
2025-11-29 11:04:38 - INFO - 对比权重: 1.0
2025-11-29 11:04:38 - INFO - 边界值: 1.0
2025-11-29 11:04:38 - INFO - 开始鲁棒训练...
2025-11-29 11:04:38 - INFO - 设备: cuda
2025-11-29 11:04:38 - INFO - 第一阶段训练: 75 epochs, 学习率: 0.001
2025-11-29 11:04:38 - INFO - Epoch [1/150]
2025-11-29 11:06:24 - INFO - 随机种子设置为: 15
2025-11-29 11:06:24 - INFO - 训练器初始化完成
2025-11-29 11:06:24 - INFO - 设备: cuda
2025-11-29 11:06:24 - INFO - 多样性权重: 0.1
2025-11-29 11:06:24 - INFO - 对比权重: 1.0
2025-11-29 11:06:24 - INFO - 边界值: 1.0
2025-11-29 11:06:24 - INFO - 开始鲁棒训练...
2025-11-29 11:06:24 - INFO - 设备: cuda
2025-11-29 11:06:24 - INFO - 第一阶段训练: 75 epochs, 学习率: 0.001
2025-11-29 11:06:24 - INFO - Epoch [1/150]
2025-11-29 11:07:01 - INFO -   训练损失 - 总损失: 1.5153, InfoNCE: 0.7243, BCE: 0.1134,diversity: 0.1000
2025-11-29 11:07:20 - INFO -   验证损失: 0.0000
2025-11-29 11:07:38 - WARNING - 使用默认阈值: 1.0
2025-11-29 11:07:56 - INFO - 总批次: 42, 处理的批次: 42
2025-11-29 11:07:56 - WARNING - 检测到的异常样本数为0，尝试调整阈值策略
2025-11-29 11:08:14 - WARNING - 使用默认阈值: 1.0
2025-11-29 11:08:31 - INFO - 总批次: 42, 处理的批次: 42
2025-11-29 11:08:31 - INFO - 调整后阈值百分位数: 75, 新阈值: 1.000000
2025-11-29 11:08:31 - INFO - 测试集标签分布 - 正常样本: 31, 异常样本: 53
2025-11-29 11:08:31 - INFO - 测试集预测分布 - 正常预测: 84, 异常预测: 0
2025-11-29 11:08:31 - INFO - 准确率: 0.3690, 精确率: 0.0000, 召回率: 0.0000, F1分数: 0.0000
2025-11-29 11:08:31 - INFO - 正常样本平均得分: 0.0000, 异常样本平均得分: 0.0000, PRAUC: 0.8155
2025-11-29 11:08:31 - INFO - 模型已保存到 saved_models\best_robust_wavelet_stgnn_model.pth
2025-11-29 11:08:31 - INFO - Epoch [1/150] - Train Loss: 1.5153 | Val Loss: 0.0000 | Test PR AUC: 0.8155 | Test ROC AUC: 0.5000 | Test Recall: 0.0000
2025-11-29 11:08:31 - INFO - Epoch [2/150]
2025-11-29 11:09:08 - INFO -   训练损失 - 总损失: 1.5188, InfoNCE: 0.7258, BCE: 0.1145,diversity: 0.1000
2025-11-29 11:09:27 - INFO -   验证损失: 0.0000
2025-11-29 11:09:45 - WARNING - 使用默认阈值: 1.0
2025-11-29 11:10:02 - INFO - 总批次: 42, 处理的批次: 42
2025-11-29 11:10:02 - WARNING - 检测到的异常样本数为0，尝试调整阈值策略
2025-11-29 11:10:21 - WARNING - 使用默认阈值: 1.0
2025-11-29 11:10:38 - INFO - 总批次: 42, 处理的批次: 42
2025-11-29 11:10:38 - INFO - 调整后阈值百分位数: 75, 新阈值: 1.000000
2025-11-29 11:10:38 - INFO - 测试集标签分布 - 正常样本: 31, 异常样本: 53
2025-11-29 11:10:38 - INFO - 测试集预测分布 - 正常预测: 84, 异常预测: 0
2025-11-29 11:10:38 - INFO - 准确率: 0.3690, 精确率: 0.0000, 召回率: 0.0000, F1分数: 0.0000
2025-11-29 11:10:38 - INFO - 正常样本平均得分: 0.0000, 异常样本平均得分: 0.0000, PRAUC: 0.8155
2025-11-29 11:10:38 - INFO - Epoch [3/150]
2025-11-29 11:11:14 - INFO -   训练损失 - 总损失: 1.5099, InfoNCE: 0.7246, BCE: 0.1015,diversity: 0.1000
2025-11-29 11:11:32 - INFO -   验证损失: 0.0000
2025-11-29 11:11:51 - WARNING - 使用默认阈值: 1.0
2025-11-29 11:12:08 - INFO - 总批次: 42, 处理的批次: 42
2025-11-29 11:12:08 - WARNING - 检测到的异常样本数为0，尝试调整阈值策略
2025-11-29 11:12:26 - WARNING - 使用默认阈值: 1.0
2025-11-29 11:12:45 - INFO - 总批次: 42, 处理的批次: 42
2025-11-29 11:12:45 - INFO - 调整后阈值百分位数: 75, 新阈值: 1.000000
2025-11-29 11:12:45 - INFO - 测试集标签分布 - 正常样本: 31, 异常样本: 53
2025-11-29 11:12:45 - INFO - 测试集预测分布 - 正常预测: 84, 异常预测: 0
2025-11-29 11:12:45 - INFO - 准确率: 0.3690, 精确率: 0.0000, 召回率: 0.0000, F1分数: 0.0000
2025-11-29 11:12:45 - INFO - 正常样本平均得分: 0.0000, 异常样本平均得分: 0.0000, PRAUC: 0.8155
2025-11-29 11:12:45 - INFO - Epoch [4/150]
2025-11-29 11:13:26 - INFO -   训练损失 - 总损失: 1.5417, InfoNCE: 0.7361, BCE: 0.1189,diversity: 0.1000
2025-11-29 11:13:47 - INFO -   验证损失: 0.0000
2025-11-29 11:14:08 - WARNING - 使用默认阈值: 1.0
2025-11-29 11:14:27 - INFO - 总批次: 42, 处理的批次: 42
2025-11-29 11:14:27 - WARNING - 检测到的异常样本数为0，尝试调整阈值策略
2025-11-29 11:14:48 - WARNING - 使用默认阈值: 1.0
2025-11-29 11:15:05 - INFO - 总批次: 42, 处理的批次: 42
2025-11-29 11:15:05 - INFO - 调整后阈值百分位数: 75, 新阈值: 1.000000
2025-11-29 11:15:05 - INFO - 测试集标签分布 - 正常样本: 31, 异常样本: 53
2025-11-29 11:15:05 - INFO - 测试集预测分布 - 正常预测: 84, 异常预测: 0
2025-11-29 11:15:05 - INFO - 准确率: 0.3690, 精确率: 0.0000, 召回率: 0.0000, F1分数: 0.0000
2025-11-29 11:15:05 - INFO - 正常样本平均得分: 0.0000, 异常样本平均得分: 0.0000, PRAUC: 0.8155
2025-11-29 11:15:05 - INFO - Epoch [5/150]
2025-11-29 11:15:42 - INFO -   训练损失 - 总损失: 1.5132, InfoNCE: 0.7232, BCE: 0.1135,diversity: 0.1000
2025-11-29 11:16:01 - INFO -   验证损失: 0.0000
2025-11-29 11:16:20 - WARNING - 使用默认阈值: 1.0
2025-11-29 11:16:37 - INFO - 总批次: 42, 处理的批次: 42
2025-11-29 11:16:37 - WARNING - 检测到的异常样本数为0，尝试调整阈值策略
2025-11-29 11:16:55 - WARNING - 使用默认阈值: 1.0
2025-11-29 11:17:14 - INFO - 总批次: 42, 处理的批次: 42
2025-11-29 11:17:14 - INFO - 调整后阈值百分位数: 75, 新阈值: 1.000000
2025-11-29 11:17:14 - INFO - 测试集标签分布 - 正常样本: 31, 异常样本: 53
2025-11-29 11:17:14 - INFO - 测试集预测分布 - 正常预测: 84, 异常预测: 0
2025-11-29 11:17:14 - INFO - 准确率: 0.3690, 精确率: 0.0000, 召回率: 0.0000, F1分数: 0.0000
2025-11-29 11:17:14 - INFO - 正常样本平均得分: 0.0000, 异常样本平均得分: 0.0000, PRAUC: 0.8155
2025-11-29 11:17:14 - INFO - Epoch [5/150] - Train Loss: 1.5132 | Val Loss: 0.0000 | Test PR AUC: 0.8155 | Test ROC AUC: 0.5000 | Test Recall: 0.0000
2025-11-29 11:17:14 - INFO - Epoch [6/150]
2025-11-29 11:17:55 - INFO -   训练损失 - 总损失: 1.5124, InfoNCE: 0.7224, BCE: 0.1152,diversity: 0.1000
2025-11-29 11:18:13 - INFO -   验证损失: 0.0000
2025-11-29 11:18:32 - WARNING - 使用默认阈值: 1.0
2025-11-29 11:18:50 - INFO - 总批次: 42, 处理的批次: 42
2025-11-29 11:18:50 - WARNING - 检测到的异常样本数为0，尝试调整阈值策略
2025-11-29 11:19:08 - WARNING - 使用默认阈值: 1.0
2025-11-29 11:19:26 - INFO - 总批次: 42, 处理的批次: 42
2025-11-29 11:19:26 - INFO - 调整后阈值百分位数: 75, 新阈值: 1.000000
2025-11-29 11:19:26 - INFO - 测试集标签分布 - 正常样本: 31, 异常样本: 53
2025-11-29 11:19:26 - INFO - 测试集预测分布 - 正常预测: 84, 异常预测: 0
2025-11-29 11:19:26 - INFO - 准确率: 0.3690, 精确率: 0.0000, 召回率: 0.0000, F1分数: 0.0000
2025-11-29 11:19:26 - INFO - 正常样本平均得分: 0.0000, 异常样本平均得分: 0.0000, PRAUC: 0.8155
2025-11-29 11:19:26 - INFO - Epoch [7/150]
2025-11-29 11:20:03 - INFO -   训练损失 - 总损失: 1.5428, InfoNCE: 0.7363, BCE: 0.1203,diversity: 0.1000
2025-11-29 11:20:22 - INFO -   验证损失: 0.0000
2025-11-29 11:20:41 - WARNING - 使用默认阈值: 1.0
2025-11-29 11:20:59 - INFO - 总批次: 42, 处理的批次: 42
2025-11-29 11:20:59 - WARNING - 检测到的异常样本数为0，尝试调整阈值策略
2025-11-29 11:21:18 - WARNING - 使用默认阈值: 1.0
2025-11-29 11:21:35 - INFO - 总批次: 42, 处理的批次: 42
2025-11-29 11:21:35 - INFO - 调整后阈值百分位数: 75, 新阈值: 1.000000
2025-11-29 11:21:35 - INFO - 测试集标签分布 - 正常样本: 31, 异常样本: 53
2025-11-29 11:21:35 - INFO - 测试集预测分布 - 正常预测: 84, 异常预测: 0
2025-11-29 11:21:35 - INFO - 准确率: 0.3690, 精确率: 0.0000, 召回率: 0.0000, F1分数: 0.0000
2025-11-29 11:21:35 - INFO - 正常样本平均得分: 0.0000, 异常样本平均得分: 0.0000, PRAUC: 0.8155
2025-11-29 11:21:35 - INFO - Epoch [8/150]
2025-11-29 11:22:12 - INFO -   训练损失 - 总损失: 1.5168, InfoNCE: 0.7253, BCE: 0.1123,diversity: 0.1000
2025-11-29 11:22:31 - INFO -   验证损失: 0.0000
2025-11-29 11:22:49 - WARNING - 使用默认阈值: 1.0
2025-11-29 11:23:07 - INFO - 总批次: 42, 处理的批次: 42
2025-11-29 11:23:07 - WARNING - 检测到的异常样本数为0，尝试调整阈值策略
2025-11-29 11:23:26 - WARNING - 使用默认阈值: 1.0
2025-11-29 11:23:44 - INFO - 总批次: 42, 处理的批次: 42
2025-11-29 11:23:44 - INFO - 调整后阈值百分位数: 75, 新阈值: 1.000000
2025-11-29 11:23:44 - INFO - 测试集标签分布 - 正常样本: 31, 异常样本: 53
2025-11-29 11:23:44 - INFO - 测试集预测分布 - 正常预测: 84, 异常预测: 0
2025-11-29 11:23:44 - INFO - 准确率: 0.3690, 精确率: 0.0000, 召回率: 0.0000, F1分数: 0.0000
2025-11-29 11:23:44 - INFO - 正常样本平均得分: 0.0000, 异常样本平均得分: 0.0000, PRAUC: 0.8155
2025-11-29 11:23:44 - INFO - Epoch [9/150]
2025-11-29 11:24:21 - INFO -   训练损失 - 总损失: 1.5235, InfoNCE: 0.7289, BCE: 0.1113,diversity: 0.1000
2025-11-29 11:24:40 - INFO -   验证损失: 0.0000
2025-11-29 11:24:59 - WARNING - 使用默认阈值: 1.0
2025-11-29 11:25:16 - INFO - 总批次: 42, 处理的批次: 42
2025-11-29 11:25:16 - WARNING - 检测到的异常样本数为0，尝试调整阈值策略
2025-11-29 11:25:35 - WARNING - 使用默认阈值: 1.0
2025-11-29 11:25:52 - INFO - 总批次: 42, 处理的批次: 42
2025-11-29 11:25:52 - INFO - 调整后阈值百分位数: 75, 新阈值: 1.000000
2025-11-29 11:25:52 - INFO - 测试集标签分布 - 正常样本: 31, 异常样本: 53
2025-11-29 11:25:52 - INFO - 测试集预测分布 - 正常预测: 84, 异常预测: 0
2025-11-29 11:25:52 - INFO - 准确率: 0.3690, 精确率: 0.0000, 召回率: 0.0000, F1分数: 0.0000
2025-11-29 11:25:52 - INFO - 正常样本平均得分: 0.0000, 异常样本平均得分: 0.0000, PRAUC: 0.8155
2025-11-29 11:25:52 - INFO - Epoch [10/150]
2025-11-29 11:26:30 - INFO -   训练损失 - 总损失: 1.5274, InfoNCE: 0.7319, BCE: 0.1074,diversity: 0.1000
2025-11-29 11:26:49 - INFO -   验证损失: 0.0000
2025-11-29 11:27:07 - WARNING - 使用默认阈值: 1.0
2025-11-29 11:27:24 - INFO - 总批次: 42, 处理的批次: 42
2025-11-29 11:27:24 - WARNING - 检测到的异常样本数为0，尝试调整阈值策略
2025-11-29 11:27:43 - WARNING - 使用默认阈值: 1.0
2025-11-29 11:28:00 - INFO - 总批次: 42, 处理的批次: 42
2025-11-29 11:28:00 - INFO - 调整后阈值百分位数: 75, 新阈值: 1.000000
2025-11-29 11:28:00 - INFO - 测试集标签分布 - 正常样本: 31, 异常样本: 53
2025-11-29 11:28:00 - INFO - 测试集预测分布 - 正常预测: 84, 异常预测: 0
2025-11-29 11:28:00 - INFO - 准确率: 0.3690, 精确率: 0.0000, 召回率: 0.0000, F1分数: 0.0000
2025-11-29 11:28:00 - INFO - 正常样本平均得分: 0.0000, 异常样本平均得分: 0.0000, PRAUC: 0.8155
2025-11-29 11:28:00 - INFO - Epoch [10/150] - Train Loss: 1.5274 | Val Loss: 0.0000 | Test PR AUC: 0.8155 | Test ROC AUC: 0.5000 | Test Recall: 0.0000
2025-11-29 11:28:00 - INFO - Epoch [11/150]
2025-11-29 11:32:22 - INFO - 随机种子设置为: 15
2025-11-29 11:32:22 - WARNING - 模型文件 saved_models\robust_wavelet_stgnn_model.pth 不存在
2025-11-29 11:32:22 - ERROR - 模型加载失败
2025-11-29 11:35:45 - INFO - 随机种子设置为: 15
2025-11-29 11:35:45 - INFO - 训练器初始化完成
2025-11-29 11:35:45 - INFO - 设备: cuda
2025-11-29 11:35:45 - INFO - 多样性权重: 0.1
2025-11-29 11:35:45 - INFO - 对比权重: 1.0
2025-11-29 11:35:45 - INFO - 边界值: 1.0
2025-11-29 11:35:45 - INFO - 开始鲁棒训练...
2025-11-29 11:35:45 - INFO - 设备: cuda
2025-11-29 11:35:45 - INFO - 第一阶段训练: 75 epochs, 学习率: 0.001
2025-11-29 11:35:45 - INFO - Epoch [1/150]
2025-11-29 12:19:32 - INFO - 随机种子设置为: 15
2025-11-29 12:19:33 - WARNING - 模型文件 saved_models\robust_wavelet_stgnn_model.pth 不存在
2025-11-29 12:19:33 - ERROR - 模型加载失败
2025-11-29 12:20:00 - INFO - 随机种子设置为: 15
2025-11-29 12:20:00 - INFO - 训练器初始化完成
2025-11-29 12:20:00 - INFO - 设备: cuda
2025-11-29 12:20:00 - INFO - 多样性权重: 0.1
2025-11-29 12:20:00 - INFO - 对比权重: 1.0
2025-11-29 12:20:00 - INFO - 边界值: 1.0
2025-11-29 12:20:00 - INFO - 开始鲁棒训练...
2025-11-29 12:20:00 - INFO - 设备: cuda
2025-11-29 12:20:00 - INFO - 第一阶段训练: 75 epochs, 学习率: 0.001
2025-11-29 12:20:00 - INFO - Epoch [1/150]
2025-12-01 17:08:31 - INFO - 随机种子设置为: 15
2025-12-01 17:08:31 - INFO - 训练器初始化完成
2025-12-01 17:08:31 - INFO - 设备: cuda
2025-12-01 17:08:31 - INFO - 多样性权重: 0.1
2025-12-01 17:08:31 - INFO - 对比权重: 1.0
2025-12-01 17:08:31 - INFO - 边界值: 1.0
2025-12-01 17:08:31 - INFO - 开始鲁棒训练...
2025-12-01 17:08:31 - INFO - 设备: cuda
2025-12-01 17:08:31 - INFO - 第一阶段训练: 75 epochs, 学习率: 0.001
2025-12-01 17:08:31 - INFO - Epoch [1/150]
2025-12-01 18:01:47 - INFO - 随机种子设置为: 15
2025-12-01 18:01:48 - INFO - 训练器初始化完成
2025-12-01 18:01:48 - INFO - 设备: cuda
2025-12-01 18:01:48 - INFO - 多样性权重: 0.1
2025-12-01 18:01:48 - INFO - 对比权重: 1.0
2025-12-01 18:01:48 - INFO - 边界值: 1.0
2025-12-01 18:01:48 - INFO - 开始鲁棒训练...
2025-12-01 18:01:48 - INFO - 设备: cuda
2025-12-01 18:01:48 - INFO - 第一阶段训练: 75 epochs, 学习率: 0.001
2025-12-01 18:01:48 - INFO - Epoch [1/150]
2025-12-01 18:03:14 - INFO - 随机种子设置为: 15
2025-12-01 18:03:14 - INFO - 训练器初始化完成
2025-12-01 18:03:14 - INFO - 设备: cuda
2025-12-01 18:03:14 - INFO - 多样性权重: 0.1
2025-12-01 18:03:14 - INFO - 对比权重: 1.0
2025-12-01 18:03:14 - INFO - 边界值: 1.0
2025-12-01 18:03:14 - INFO - 开始鲁棒训练...
2025-12-01 18:03:14 - INFO - 设备: cuda
2025-12-01 18:03:14 - INFO - 第一阶段训练: 75 epochs, 学习率: 0.001
2025-12-01 18:03:14 - INFO - Epoch [1/150]
2025-12-01 18:04:01 - INFO - 随机种子设置为: 15
2025-12-01 18:04:01 - INFO - 训练器初始化完成
2025-12-01 18:04:01 - INFO - 设备: cuda
2025-12-01 18:04:01 - INFO - 多样性权重: 0.1
2025-12-01 18:04:01 - INFO - 对比权重: 1.0
2025-12-01 18:04:01 - INFO - 边界值: 1.0
2025-12-01 18:04:01 - INFO - 开始鲁棒训练...
2025-12-01 18:04:01 - INFO - 设备: cuda
2025-12-01 18:04:01 - INFO - 第一阶段训练: 75 epochs, 学习率: 0.001
2025-12-01 18:04:01 - INFO - Epoch [1/150]
2025-12-01 18:04:11 - WARNING - 批次 0: 计算InfoNCE损失失败: 'NoneType' object has no attribute 'device'
2025-12-01 18:04:11 - WARNING - 批次 1: 计算InfoNCE损失失败: 'NoneType' object has no attribute 'device'
2025-12-01 18:04:11 - WARNING - 批次 2: 计算InfoNCE损失失败: 'NoneType' object has no attribute 'device'
2025-12-01 18:04:12 - WARNING - 批次 3: 计算InfoNCE损失失败: 'NoneType' object has no attribute 'device'
2025-12-01 18:04:12 - WARNING - 批次 4: 计算InfoNCE损失失败: 'NoneType' object has no attribute 'device'
2025-12-01 18:04:12 - WARNING - 批次 5: 计算InfoNCE损失失败: 'NoneType' object has no attribute 'device'
2025-12-01 18:04:12 - WARNING - 批次 6: 计算InfoNCE损失失败: 'NoneType' object has no attribute 'device'
2025-12-01 18:04:13 - WARNING - 批次 7: 计算InfoNCE损失失败: 'NoneType' object has no attribute 'device'
2025-12-01 18:04:13 - WARNING - 批次 8: 计算InfoNCE损失失败: 'NoneType' object has no attribute 'device'
2025-12-01 18:04:13 - WARNING - 批次 9: 计算InfoNCE损失失败: 'NoneType' object has no attribute 'device'
2025-12-01 18:04:13 - WARNING - 批次 10: 计算InfoNCE损失失败: 'NoneType' object has no attribute 'device'
2025-12-01 18:04:14 - WARNING - 批次 11: 计算InfoNCE损失失败: 'NoneType' object has no attribute 'device'
2025-12-01 18:04:14 - WARNING - 批次 12: 计算InfoNCE损失失败: 'NoneType' object has no attribute 'device'
2025-12-01 18:04:14 - WARNING - 批次 13: 计算InfoNCE损失失败: 'NoneType' object has no attribute 'device'
2025-12-01 18:04:14 - WARNING - 批次 14: 计算InfoNCE损失失败: 'NoneType' object has no attribute 'device'
2025-12-01 18:04:15 - WARNING - 批次 15: 计算InfoNCE损失失败: 'NoneType' object has no attribute 'device'
2025-12-01 18:04:15 - WARNING - 批次 16: 计算InfoNCE损失失败: 'NoneType' object has no attribute 'device'
2025-12-01 18:04:15 - WARNING - 批次 17: 计算InfoNCE损失失败: 'NoneType' object has no attribute 'device'
2025-12-01 18:04:15 - WARNING - 批次 18: 计算InfoNCE损失失败: 'NoneType' object has no attribute 'device'
2025-12-01 18:04:16 - WARNING - 批次 19: 计算InfoNCE损失失败: 'NoneType' object has no attribute 'device'
2025-12-01 18:04:16 - WARNING - 批次 20: 计算InfoNCE损失失败: 'NoneType' object has no attribute 'device'
2025-12-01 18:04:16 - WARNING - 批次 21: 计算InfoNCE损失失败: 'NoneType' object has no attribute 'device'
2025-12-01 18:04:16 - WARNING - 批次 22: 计算InfoNCE损失失败: 'NoneType' object has no attribute 'device'
2025-12-01 18:04:17 - WARNING - 批次 23: 计算InfoNCE损失失败: 'NoneType' object has no attribute 'device'
2025-12-01 18:04:17 - WARNING - 批次 24: 计算InfoNCE损失失败: 'NoneType' object has no attribute 'device'
2025-12-01 18:04:17 - WARNING - 批次 25: 计算InfoNCE损失失败: 'NoneType' object has no attribute 'device'
2025-12-01 18:04:17 - WARNING - 批次 26: 计算InfoNCE损失失败: 'NoneType' object has no attribute 'device'
2025-12-01 18:04:18 - WARNING - 批次 27: 计算InfoNCE损失失败: 'NoneType' object has no attribute 'device'
2025-12-01 18:04:18 - WARNING - 批次 28: 计算InfoNCE损失失败: 'NoneType' object has no attribute 'device'
2025-12-01 18:04:18 - WARNING - 批次 29: 计算InfoNCE损失失败: 'NoneType' object has no attribute 'device'
2025-12-01 18:04:18 - WARNING - 批次 30: 计算InfoNCE损失失败: 'NoneType' object has no attribute 'device'
2025-12-01 18:04:19 - WARNING - 批次 31: 计算InfoNCE损失失败: 'NoneType' object has no attribute 'device'
2025-12-01 18:04:19 - WARNING - 批次 32: 计算InfoNCE损失失败: 'NoneType' object has no attribute 'device'
2025-12-01 18:04:19 - WARNING - 批次 33: 计算InfoNCE损失失败: 'NoneType' object has no attribute 'device'
2025-12-01 18:04:19 - WARNING - 批次 34: 计算InfoNCE损失失败: 'NoneType' object has no attribute 'device'
2025-12-01 18:04:19 - WARNING - 批次 35: 计算InfoNCE损失失败: 'NoneType' object has no attribute 'device'
2025-12-01 18:04:20 - WARNING - 批次 36: 计算InfoNCE损失失败: 'NoneType' object has no attribute 'device'
2025-12-01 18:04:20 - WARNING - 批次 37: 计算InfoNCE损失失败: 'NoneType' object has no attribute 'device'
2025-12-01 18:04:20 - WARNING - 批次 38: 计算InfoNCE损失失败: 'NoneType' object has no attribute 'device'
2025-12-01 18:04:20 - WARNING - 批次 39: 计算InfoNCE损失失败: 'NoneType' object has no attribute 'device'
2025-12-01 18:04:21 - WARNING - 批次 40: 计算InfoNCE损失失败: 'NoneType' object has no attribute 'device'
2025-12-01 18:04:21 - WARNING - 批次 41: 计算InfoNCE损失失败: 'NoneType' object has no attribute 'device'
2025-12-01 18:04:21 - WARNING - 批次 42: 计算InfoNCE损失失败: 'NoneType' object has no attribute 'device'
2025-12-01 18:04:21 - WARNING - 批次 43: 计算InfoNCE损失失败: 'NoneType' object has no attribute 'device'
2025-12-01 18:04:22 - WARNING - 批次 44: 计算InfoNCE损失失败: 'NoneType' object has no attribute 'device'
2025-12-01 18:04:22 - WARNING - 批次 45: 计算InfoNCE损失失败: 'NoneType' object has no attribute 'device'
2025-12-01 18:04:22 - WARNING - 批次 46: 计算InfoNCE损失失败: 'NoneType' object has no attribute 'device'
2025-12-01 18:04:37 - INFO - 随机种子设置为: 15
2025-12-01 18:04:38 - INFO - 训练器初始化完成
2025-12-01 18:04:38 - INFO - 设备: cuda
2025-12-01 18:04:38 - INFO - 多样性权重: 0.1
2025-12-01 18:04:38 - INFO - 对比权重: 1.0
2025-12-01 18:04:38 - INFO - 边界值: 1.0
2025-12-01 18:04:38 - INFO - 开始鲁棒训练...
2025-12-01 18:04:38 - INFO - 设备: cuda
2025-12-01 18:04:38 - INFO - 第一阶段训练: 75 epochs, 学习率: 0.001
2025-12-01 18:04:38 - INFO - Epoch [1/150]
2025-12-01 18:05:16 - INFO - 随机种子设置为: 15
2025-12-01 18:05:16 - INFO - 训练器初始化完成
2025-12-01 18:05:16 - INFO - 设备: cuda
2025-12-01 18:05:16 - INFO - 多样性权重: 0.1
2025-12-01 18:05:16 - INFO - 对比权重: 1.0
2025-12-01 18:05:16 - INFO - 边界值: 1.0
2025-12-01 18:05:16 - INFO - 开始鲁棒训练...
2025-12-01 18:05:16 - INFO - 设备: cuda
2025-12-01 18:05:16 - INFO - 第一阶段训练: 75 epochs, 学习率: 0.001
2025-12-01 18:05:16 - INFO - Epoch [1/150]
2025-12-01 18:06:02 - INFO - 随机种子设置为: 15
2025-12-01 18:06:02 - INFO - 训练器初始化完成
2025-12-01 18:06:02 - INFO - 设备: cuda
2025-12-01 18:06:02 - INFO - 多样性权重: 0.1
2025-12-01 18:06:02 - INFO - 对比权重: 1.0
2025-12-01 18:06:02 - INFO - 边界值: 1.0
2025-12-01 18:06:02 - INFO - 开始鲁棒训练...
2025-12-01 18:06:02 - INFO - 设备: cuda
2025-12-01 18:06:02 - INFO - 第一阶段训练: 75 epochs, 学习率: 0.001
2025-12-01 18:06:02 - INFO - Epoch [1/150]
2025-12-01 18:06:12 - WARNING - 批次 0: 总损失为NaN或inf，跳过
2025-12-01 18:06:12 - WARNING - 批次 1: 总损失为NaN或inf，跳过
2025-12-01 18:06:13 - WARNING - 批次 2: 总损失为NaN或inf，跳过
2025-12-01 18:06:13 - WARNING - 批次 3: 总损失为NaN或inf，跳过
2025-12-01 18:06:13 - WARNING - 批次 4: 总损失为NaN或inf，跳过
2025-12-01 18:06:13 - WARNING - 批次 5: 总损失为NaN或inf，跳过
2025-12-01 18:06:14 - WARNING - 批次 6: 总损失为NaN或inf，跳过
2025-12-01 18:06:14 - WARNING - 批次 7: 总损失为NaN或inf，跳过
2025-12-01 18:06:14 - WARNING - 批次 8: 总损失为NaN或inf，跳过
2025-12-01 18:06:14 - WARNING - 批次 9: 总损失为NaN或inf，跳过
2025-12-01 18:06:14 - WARNING - 批次 10: 总损失为NaN或inf，跳过
2025-12-01 18:06:15 - WARNING - 批次 11: 总损失为NaN或inf，跳过
2025-12-01 18:06:15 - WARNING - 批次 12: 总损失为NaN或inf，跳过
2025-12-01 18:06:15 - WARNING - 批次 13: 总损失为NaN或inf，跳过
2025-12-01 18:06:15 - WARNING - 批次 14: 总损失为NaN或inf，跳过
2025-12-01 18:06:16 - WARNING - 批次 15: 总损失为NaN或inf，跳过
2025-12-01 18:06:16 - WARNING - 批次 16: 总损失为NaN或inf，跳过
2025-12-01 18:06:16 - WARNING - 批次 17: 总损失为NaN或inf，跳过
2025-12-01 18:06:16 - WARNING - 批次 18: 总损失为NaN或inf，跳过
2025-12-01 18:06:17 - WARNING - 批次 19: 总损失为NaN或inf，跳过
2025-12-01 18:06:17 - WARNING - 批次 20: 总损失为NaN或inf，跳过
2025-12-01 18:06:17 - WARNING - 批次 21: 总损失为NaN或inf，跳过
2025-12-01 18:06:17 - WARNING - 批次 22: 总损失为NaN或inf，跳过
2025-12-01 18:06:18 - WARNING - 批次 23: 总损失为NaN或inf，跳过
2025-12-01 18:20:18 - INFO - 随机种子设置为: 15
2025-12-01 18:20:18 - INFO - 训练器初始化完成
2025-12-01 18:20:18 - INFO - 设备: cuda
2025-12-01 18:20:18 - INFO - 多样性权重: 0.1
2025-12-01 18:20:18 - INFO - 对比权重: 1.0
2025-12-01 18:20:18 - INFO - 边界值: 1.0
2025-12-01 18:20:18 - INFO - 开始鲁棒训练...
2025-12-01 18:20:18 - INFO - 设备: cuda
2025-12-01 18:20:18 - INFO - 第一阶段训练: 75 epochs, 学习率: 0.001
2025-12-01 18:20:18 - INFO - Epoch [1/150]
2025-12-01 18:30:57 - INFO - 随机种子设置为: 15
2025-12-01 18:30:57 - INFO - 训练器初始化完成
2025-12-01 18:30:57 - INFO - 设备: cuda
2025-12-01 18:30:57 - INFO - 多样性权重: 0.1
2025-12-01 18:30:57 - INFO - 对比权重: 1.0
2025-12-01 18:30:57 - INFO - 边界值: 1.0
2025-12-01 18:30:57 - INFO - 开始鲁棒训练...
2025-12-01 18:30:57 - INFO - 设备: cuda
2025-12-01 18:30:57 - INFO - 第一阶段训练: 75 epochs, 学习率: 0.001
2025-12-01 18:30:57 - INFO - Epoch [1/150]
2025-12-01 18:31:06 - WARNING - 批次 0: 计算InfoNCE损失失败: 'NoneType' object has no attribute 'device'
2025-12-01 18:31:06 - WARNING - 批次 1: 计算InfoNCE损失失败: 'NoneType' object has no attribute 'device'
2025-12-01 18:31:06 - WARNING - 批次 2: 计算InfoNCE损失失败: 'NoneType' object has no attribute 'device'
2025-12-01 18:31:06 - WARNING - 批次 3: 计算InfoNCE损失失败: 'NoneType' object has no attribute 'device'
2025-12-01 18:31:06 - WARNING - 批次 4: 计算InfoNCE损失失败: 'NoneType' object has no attribute 'device'
2025-12-01 18:31:07 - WARNING - 批次 5: 计算InfoNCE损失失败: 'NoneType' object has no attribute 'device'
2025-12-01 18:31:07 - WARNING - 批次 6: 计算InfoNCE损失失败: 'NoneType' object has no attribute 'device'
2025-12-01 18:31:07 - WARNING - 批次 7: 计算InfoNCE损失失败: 'NoneType' object has no attribute 'device'
2025-12-01 18:31:07 - WARNING - 批次 8: 计算InfoNCE损失失败: 'NoneType' object has no attribute 'device'
2025-12-01 18:31:07 - WARNING - 批次 9: 计算InfoNCE损失失败: 'NoneType' object has no attribute 'device'
2025-12-01 18:31:07 - WARNING - 批次 10: 计算InfoNCE损失失败: 'NoneType' object has no attribute 'device'
2025-12-01 18:31:07 - WARNING - 批次 11: 计算InfoNCE损失失败: 'NoneType' object has no attribute 'device'
2025-12-01 18:31:07 - WARNING - 批次 12: 计算InfoNCE损失失败: 'NoneType' object has no attribute 'device'
2025-12-01 18:31:07 - WARNING - 批次 13: 计算InfoNCE损失失败: 'NoneType' object has no attribute 'device'
2025-12-01 18:31:07 - WARNING - 批次 14: 计算InfoNCE损失失败: 'NoneType' object has no attribute 'device'
2025-12-01 18:31:07 - WARNING - 批次 15: 计算InfoNCE损失失败: 'NoneType' object has no attribute 'device'
2025-12-01 18:31:07 - WARNING - 批次 16: 计算InfoNCE损失失败: 'NoneType' object has no attribute 'device'
2025-12-01 18:31:07 - WARNING - 批次 17: 计算InfoNCE损失失败: 'NoneType' object has no attribute 'device'
2025-12-01 18:31:07 - WARNING - 批次 18: 计算InfoNCE损失失败: 'NoneType' object has no attribute 'device'
2025-12-01 18:31:07 - WARNING - 批次 19: 计算InfoNCE损失失败: 'NoneType' object has no attribute 'device'
2025-12-01 18:31:07 - WARNING - 批次 20: 计算InfoNCE损失失败: 'NoneType' object has no attribute 'device'
2025-12-01 18:31:07 - WARNING - 批次 21: 计算InfoNCE损失失败: 'NoneType' object has no attribute 'device'
2025-12-01 18:31:07 - WARNING - 批次 22: 计算InfoNCE损失失败: 'NoneType' object has no attribute 'device'
2025-12-01 18:31:07 - WARNING - 批次 23: 计算InfoNCE损失失败: 'NoneType' object has no attribute 'device'
2025-12-01 18:31:07 - WARNING - 批次 24: 计算InfoNCE损失失败: 'NoneType' object has no attribute 'device'
2025-12-01 18:31:07 - WARNING - 批次 25: 计算InfoNCE损失失败: 'NoneType' object has no attribute 'device'
2025-12-01 18:31:07 - WARNING - 批次 26: 计算InfoNCE损失失败: 'NoneType' object has no attribute 'device'
2025-12-01 18:31:07 - WARNING - 批次 27: 计算InfoNCE损失失败: 'NoneType' object has no attribute 'device'
2025-12-01 18:31:07 - WARNING - 批次 28: 计算InfoNCE损失失败: 'NoneType' object has no attribute 'device'
2025-12-01 18:31:07 - WARNING - 批次 29: 计算InfoNCE损失失败: 'NoneType' object has no attribute 'device'
2025-12-01 18:31:07 - WARNING - 批次 30: 计算InfoNCE损失失败: 'NoneType' object has no attribute 'device'
2025-12-01 18:31:07 - WARNING - 批次 31: 计算InfoNCE损失失败: 'NoneType' object has no attribute 'device'
2025-12-01 18:31:07 - WARNING - 批次 32: 计算InfoNCE损失失败: 'NoneType' object has no attribute 'device'
2025-12-01 18:31:07 - WARNING - 批次 33: 计算InfoNCE损失失败: 'NoneType' object has no attribute 'device'
2025-12-01 18:31:07 - WARNING - 批次 34: 计算InfoNCE损失失败: 'NoneType' object has no attribute 'device'
2025-12-01 18:31:07 - WARNING - 批次 35: 计算InfoNCE损失失败: 'NoneType' object has no attribute 'device'
2025-12-01 18:31:07 - WARNING - 批次 36: 计算InfoNCE损失失败: 'NoneType' object has no attribute 'device'
2025-12-01 18:31:07 - WARNING - 批次 37: 计算InfoNCE损失失败: 'NoneType' object has no attribute 'device'
2025-12-01 18:31:07 - WARNING - 批次 38: 计算InfoNCE损失失败: 'NoneType' object has no attribute 'device'
2025-12-01 18:31:08 - WARNING - 批次 39: 计算InfoNCE损失失败: 'NoneType' object has no attribute 'device'
2025-12-01 18:31:08 - WARNING - 批次 40: 计算InfoNCE损失失败: 'NoneType' object has no attribute 'device'
2025-12-01 18:31:08 - WARNING - 批次 41: 计算InfoNCE损失失败: 'NoneType' object has no attribute 'device'
2025-12-01 18:31:08 - WARNING - 批次 42: 计算InfoNCE损失失败: 'NoneType' object has no attribute 'device'
2025-12-01 18:31:08 - WARNING - 批次 43: 计算InfoNCE损失失败: 'NoneType' object has no attribute 'device'
2025-12-01 18:31:08 - WARNING - 批次 44: 计算InfoNCE损失失败: 'NoneType' object has no attribute 'device'
2025-12-01 18:31:08 - WARNING - 批次 45: 计算InfoNCE损失失败: 'NoneType' object has no attribute 'device'
2025-12-01 18:31:08 - WARNING - 批次 46: 计算InfoNCE损失失败: 'NoneType' object has no attribute 'device'
2025-12-01 18:31:08 - WARNING - 批次 47: 计算InfoNCE损失失败: 'NoneType' object has no attribute 'device'
2025-12-01 18:31:08 - WARNING - 批次 48: 计算InfoNCE损失失败: 'NoneType' object has no attribute 'device'
2025-12-01 18:31:08 - WARNING - 训练批次计数为0
2025-12-01 18:31:19 - INFO -   验证损失: 0.0000
2025-12-01 18:31:30 - WARNING - 使用默认阈值: 1.0
2025-12-01 18:31:45 - INFO - 总批次: 42, 处理的批次: 42
2025-12-01 18:31:45 - WARNING - 检测到的异常样本数为0，尝试调整阈值策略
2025-12-01 18:31:56 - WARNING - 使用默认阈值: 1.0
2025-12-01 18:32:08 - INFO - 总批次: 42, 处理的批次: 42
2025-12-01 18:32:08 - INFO - 调整后阈值百分位数: 75, 新阈值: 1.000000
2025-12-01 18:32:08 - INFO - 测试集标签分布 - 正常样本: 31, 异常样本: 53
2025-12-01 18:32:08 - INFO - 测试集预测分布 - 正常预测: 84, 异常预测: 0
2025-12-01 18:32:08 - INFO - 准确率: 0.3690, 精确率: 0.0000, 召回率: 0.0000, F1分数: 0.0000
2025-12-01 18:32:08 - INFO - 正常样本平均得分: 0.0000, 异常样本平均得分: 0.0000, PRAUC: 0.8155
2025-12-01 18:32:08 - INFO - 模型已保存到 saved_models\best_robust_wavelet_stgnn_model.pth
2025-12-01 18:32:08 - INFO - Epoch [1/150] - Train Loss: 0.0000 | Val Loss: 0.0000 | Test PR AUC: 0.8155 | Test ROC AUC: 0.5000 | Test Recall: 0.0000
2025-12-01 18:32:08 - INFO - Epoch [2/150]
2025-12-01 18:32:17 - WARNING - 批次 0: 计算InfoNCE损失失败: 'NoneType' object has no attribute 'device'
2025-12-01 18:32:17 - WARNING - 批次 1: 计算InfoNCE损失失败: 'NoneType' object has no attribute 'device'
2025-12-01 18:32:17 - WARNING - 批次 2: 计算InfoNCE损失失败: 'NoneType' object has no attribute 'device'
2025-12-01 18:32:17 - WARNING - 批次 3: 计算InfoNCE损失失败: 'NoneType' object has no attribute 'device'
2025-12-01 18:32:17 - WARNING - 批次 4: 计算InfoNCE损失失败: 'NoneType' object has no attribute 'device'
2025-12-01 18:32:17 - WARNING - 批次 5: 计算InfoNCE损失失败: 'NoneType' object has no attribute 'device'
2025-12-01 18:32:17 - WARNING - 批次 6: 计算InfoNCE损失失败: 'NoneType' object has no attribute 'device'
2025-12-01 18:32:17 - WARNING - 批次 7: 计算InfoNCE损失失败: 'NoneType' object has no attribute 'device'
2025-12-01 18:32:17 - WARNING - 批次 8: 计算InfoNCE损失失败: 'NoneType' object has no attribute 'device'
2025-12-01 18:32:17 - WARNING - 批次 9: 计算InfoNCE损失失败: 'NoneType' object has no attribute 'device'
2025-12-01 18:32:17 - WARNING - 批次 10: 计算InfoNCE损失失败: 'NoneType' object has no attribute 'device'
2025-12-01 18:32:17 - WARNING - 批次 11: 计算InfoNCE损失失败: 'NoneType' object has no attribute 'device'
2025-12-01 18:32:18 - WARNING - 批次 12: 计算InfoNCE损失失败: 'NoneType' object has no attribute 'device'
2025-12-01 18:32:18 - WARNING - 批次 13: 计算InfoNCE损失失败: 'NoneType' object has no attribute 'device'
2025-12-01 18:32:18 - WARNING - 批次 14: 计算InfoNCE损失失败: 'NoneType' object has no attribute 'device'
2025-12-01 18:32:18 - WARNING - 批次 15: 计算InfoNCE损失失败: 'NoneType' object has no attribute 'device'
2025-12-01 18:32:18 - WARNING - 批次 16: 计算InfoNCE损失失败: 'NoneType' object has no attribute 'device'
2025-12-01 18:32:18 - WARNING - 批次 17: 计算InfoNCE损失失败: 'NoneType' object has no attribute 'device'
2025-12-01 18:32:18 - WARNING - 批次 18: 计算InfoNCE损失失败: 'NoneType' object has no attribute 'device'
2025-12-01 18:32:18 - WARNING - 批次 19: 计算InfoNCE损失失败: 'NoneType' object has no attribute 'device'
2025-12-01 18:32:18 - WARNING - 批次 20: 计算InfoNCE损失失败: 'NoneType' object has no attribute 'device'
2025-12-01 18:32:18 - WARNING - 批次 21: 计算InfoNCE损失失败: 'NoneType' object has no attribute 'device'
2025-12-01 18:32:18 - WARNING - 批次 22: 计算InfoNCE损失失败: 'NoneType' object has no attribute 'device'
2025-12-01 18:32:18 - WARNING - 批次 23: 计算InfoNCE损失失败: 'NoneType' object has no attribute 'device'
2025-12-01 18:32:18 - WARNING - 批次 24: 计算InfoNCE损失失败: 'NoneType' object has no attribute 'device'
2025-12-01 18:32:18 - WARNING - 批次 25: 计算InfoNCE损失失败: 'NoneType' object has no attribute 'device'
2025-12-01 18:32:18 - WARNING - 批次 26: 计算InfoNCE损失失败: 'NoneType' object has no attribute 'device'
2025-12-01 18:32:18 - WARNING - 批次 27: 计算InfoNCE损失失败: 'NoneType' object has no attribute 'device'
2025-12-01 18:32:18 - WARNING - 批次 28: 计算InfoNCE损失失败: 'NoneType' object has no attribute 'device'
2025-12-01 18:32:18 - WARNING - 批次 29: 计算InfoNCE损失失败: 'NoneType' object has no attribute 'device'
2025-12-01 18:32:18 - WARNING - 批次 30: 计算InfoNCE损失失败: 'NoneType' object has no attribute 'device'
2025-12-01 18:32:18 - WARNING - 批次 31: 计算InfoNCE损失失败: 'NoneType' object has no attribute 'device'
2025-12-01 18:32:18 - WARNING - 批次 32: 计算InfoNCE损失失败: 'NoneType' object has no attribute 'device'
2025-12-01 18:32:18 - WARNING - 批次 33: 计算InfoNCE损失失败: 'NoneType' object has no attribute 'device'
2025-12-01 18:32:18 - WARNING - 批次 34: 计算InfoNCE损失失败: 'NoneType' object has no attribute 'device'
2025-12-01 18:32:18 - WARNING - 批次 35: 计算InfoNCE损失失败: 'NoneType' object has no attribute 'device'
2025-12-01 18:32:18 - WARNING - 批次 36: 计算InfoNCE损失失败: 'NoneType' object has no attribute 'device'
2025-12-01 18:32:18 - WARNING - 批次 37: 计算InfoNCE损失失败: 'NoneType' object has no attribute 'device'
2025-12-01 18:32:18 - WARNING - 批次 38: 计算InfoNCE损失失败: 'NoneType' object has no attribute 'device'
2025-12-01 18:32:18 - WARNING - 批次 39: 计算InfoNCE损失失败: 'NoneType' object has no attribute 'device'
2025-12-01 18:32:18 - WARNING - 批次 40: 计算InfoNCE损失失败: 'NoneType' object has no attribute 'device'
2025-12-01 18:32:18 - WARNING - 批次 41: 计算InfoNCE损失失败: 'NoneType' object has no attribute 'device'
2025-12-01 18:32:18 - WARNING - 批次 42: 计算InfoNCE损失失败: 'NoneType' object has no attribute 'device'
2025-12-01 18:32:18 - WARNING - 批次 43: 计算InfoNCE损失失败: 'NoneType' object has no attribute 'device'
2025-12-01 18:32:18 - WARNING - 批次 44: 计算InfoNCE损失失败: 'NoneType' object has no attribute 'device'
2025-12-01 18:32:18 - WARNING - 批次 45: 计算InfoNCE损失失败: 'NoneType' object has no attribute 'device'
2025-12-01 18:32:18 - WARNING - 批次 46: 计算InfoNCE损失失败: 'NoneType' object has no attribute 'device'
2025-12-01 18:32:18 - WARNING - 批次 47: 计算InfoNCE损失失败: 'NoneType' object has no attribute 'device'
2025-12-01 18:32:18 - WARNING - 批次 48: 计算InfoNCE损失失败: 'NoneType' object has no attribute 'device'
2025-12-01 18:32:19 - WARNING - 训练批次计数为0
2025-12-01 18:32:31 - INFO -   验证损失: 0.0000
2025-12-01 18:32:44 - WARNING - 使用默认阈值: 1.0
2025-12-01 18:32:57 - INFO - 总批次: 42, 处理的批次: 42
2025-12-01 18:32:57 - WARNING - 检测到的异常样本数为0，尝试调整阈值策略
2025-12-01 18:33:08 - WARNING - 使用默认阈值: 1.0
2025-12-01 18:33:20 - INFO - 总批次: 42, 处理的批次: 42
2025-12-01 18:33:20 - INFO - 调整后阈值百分位数: 75, 新阈值: 1.000000
2025-12-01 18:33:20 - INFO - 测试集标签分布 - 正常样本: 31, 异常样本: 53
2025-12-01 18:33:20 - INFO - 测试集预测分布 - 正常预测: 84, 异常预测: 0
2025-12-01 18:33:20 - INFO - 准确率: 0.3690, 精确率: 0.0000, 召回率: 0.0000, F1分数: 0.0000
2025-12-01 18:33:20 - INFO - 正常样本平均得分: 0.0000, 异常样本平均得分: 0.0000, PRAUC: 0.8155
2025-12-01 18:33:20 - INFO - Epoch [3/150]
2025-12-01 18:33:30 - WARNING - 批次 0: 计算InfoNCE损失失败: 'NoneType' object has no attribute 'device'
2025-12-01 18:33:40 - INFO - 随机种子设置为: 15
2025-12-01 18:33:40 - INFO - 训练器初始化完成
2025-12-01 18:33:40 - INFO - 设备: cuda
2025-12-01 18:33:40 - INFO - 多样性权重: 0.1
2025-12-01 18:33:40 - INFO - 对比权重: 1.0
2025-12-01 18:33:40 - INFO - 边界值: 1.0
2025-12-01 18:33:40 - INFO - 开始鲁棒训练...
2025-12-01 18:33:40 - INFO - 设备: cuda
2025-12-01 18:33:40 - INFO - 第一阶段训练: 75 epochs, 学习率: 0.001
2025-12-01 18:33:40 - INFO - Epoch [1/150]
2025-12-01 18:36:42 - INFO - 随机种子设置为: 15
2025-12-01 18:36:43 - INFO - 训练器初始化完成
2025-12-01 18:36:43 - INFO - 设备: cuda
2025-12-01 18:36:43 - INFO - 多样性权重: 0.1
2025-12-01 18:36:43 - INFO - 对比权重: 1.0
2025-12-01 18:36:43 - INFO - 边界值: 1.0
2025-12-01 18:36:43 - INFO - 开始鲁棒训练...
2025-12-01 18:36:43 - INFO - 设备: cuda
2025-12-01 18:36:43 - INFO - 第一阶段训练: 75 epochs, 学习率: 0.001
2025-12-01 18:36:43 - INFO - Epoch [1/150]
2025-12-15 17:37:44 - INFO - 随机种子设置为: 15
2025-12-15 17:41:48 - INFO - 随机种子设置为: 15
2025-12-15 17:41:48 - INFO - 训练器初始化完成
2025-12-15 17:41:48 - INFO - 设备: cuda
2025-12-15 17:41:48 - INFO - 多样性权重: 0.1
2025-12-15 17:41:48 - INFO - 对比权重: 1.0
2025-12-15 17:41:48 - INFO - 边界值: 1.0
2025-12-15 17:41:48 - INFO - 开始鲁棒训练...
2025-12-15 17:41:48 - INFO - 设备: cuda
2025-12-15 17:41:48 - INFO - 第一阶段训练: 75 epochs, 学习率: 0.001
2025-12-15 17:41:48 - INFO - Epoch [1/150]
2025-12-15 17:43:37 - INFO -   训练损失 - 总损失: 1.8604, InfoNCE: 0.9006, BCE: 0.1134,diversity: 0.0245
2025-12-15 17:43:57 - INFO -   验证损失: 6.7914
2025-12-15 17:44:17 - INFO - 更新阈值: 2.711030
2025-12-15 17:44:34 - INFO - 总批次: 42, 处理的批次: 42
2025-12-15 17:44:35 - INFO - 测试集标签分布 - 正常样本: 31, 异常样本: 53
2025-12-15 17:44:35 - INFO - 测试集预测分布 - 正常预测: 80, 异常预测: 4
2025-12-15 17:44:35 - INFO - 准确率: 0.3690, 精确率: 0.5000, 召回率: 0.0377, F1分数: 0.0702
2025-12-15 17:44:35 - INFO - 正常样本平均得分: 2.5592, 异常样本平均得分: 2.4654, PRAUC: 0.5390
2025-12-15 17:44:35 - INFO - 模型已保存到 saved_models\best_robust_wavelet_stgnn_model.pth
2025-12-15 17:44:35 - INFO - Epoch [1/150] - Train Loss: 1.8604 | Val Loss: 6.7914 | Test PR AUC: 0.5390 | Test ROC AUC: 0.3116 | Test Recall: 0.0377
2025-12-15 17:44:35 - INFO - Epoch [2/150]
2025-12-15 17:46:18 - INFO -   训练损失 - 总损失: 1.8725, InfoNCE: 0.9066, BCE: 0.1138,diversity: 0.0238
2025-12-15 17:46:37 - INFO -   验证损失: 7.1557
2025-12-15 17:46:57 - INFO - 更新阈值: 2.815377
2025-12-15 17:47:15 - INFO - 总批次: 42, 处理的批次: 42
2025-12-15 17:47:15 - INFO - 测试集标签分布 - 正常样本: 31, 异常样本: 53
2025-12-15 17:47:15 - INFO - 测试集预测分布 - 正常预测: 79, 异常预测: 5
2025-12-15 17:47:15 - INFO - 准确率: 0.3810, 精确率: 0.6000, 召回率: 0.0566, F1分数: 0.1034
2025-12-15 17:47:15 - INFO - 正常样本平均得分: 2.6579, 异常样本平均得分: 2.5598, PRAUC: 0.5431
2025-12-15 17:47:15 - INFO - 模型已保存到 saved_models\best_robust_wavelet_stgnn_model.pth
2025-12-15 17:47:15 - INFO - Epoch [3/150]
2025-12-15 17:48:59 - INFO -   训练损失 - 总损失: 1.7535, InfoNCE: 0.8441, BCE: 0.1238,diversity: 0.0337
2025-12-15 17:49:20 - INFO -   验证损失: 8.3361
2025-12-15 17:49:39 - INFO - 更新阈值: 3.064892
2025-12-15 17:49:57 - INFO - 总批次: 42, 处理的批次: 42
2025-12-15 17:49:57 - INFO - 测试集标签分布 - 正常样本: 31, 异常样本: 53
2025-12-15 17:49:57 - INFO - 测试集预测分布 - 正常预测: 80, 异常预测: 4
2025-12-15 17:49:57 - INFO - 准确率: 0.3690, 精确率: 0.5000, 召回率: 0.0377, F1分数: 0.0702
2025-12-15 17:49:57 - INFO - 正常样本平均得分: 2.8658, 异常样本平均得分: 2.7612, PRAUC: 0.5449
2025-12-15 17:49:57 - INFO - 模型已保存到 saved_models\best_robust_wavelet_stgnn_model.pth
2025-12-15 17:49:57 - INFO - Epoch [4/150]
2025-12-15 17:51:41 - INFO -   训练损失 - 总损失: 1.8933, InfoNCE: 0.9175, BCE: 0.1120,diversity: 0.0227
2025-12-15 17:52:01 - INFO -   验证损失: 10.7691
2025-12-15 17:52:20 - INFO - 更新阈值: 3.519308
2025-12-15 17:52:38 - INFO - 总批次: 42, 处理的批次: 42
2025-12-15 17:52:38 - INFO - 测试集标签分布 - 正常样本: 31, 异常样本: 53
2025-12-15 17:52:38 - INFO - 测试集预测分布 - 正常预测: 80, 异常预测: 4
2025-12-15 17:52:38 - INFO - 准确率: 0.3690, 精确率: 0.5000, 召回率: 0.0377, F1分数: 0.0702
2025-12-15 17:52:38 - INFO - 正常样本平均得分: 3.2744, 异常样本平均得分: 3.1554, PRAUC: 0.5443
2025-12-15 17:52:38 - INFO - Epoch [5/150]
2025-12-15 17:54:24 - INFO -   训练损失 - 总损失: 2.0544, InfoNCE: 0.9984, BCE: 0.1110,diversity: 0.0217
2025-12-15 17:54:43 - INFO -   验证损失: 12.4621
2025-12-15 17:55:03 - INFO - 更新阈值: 3.764908
2025-12-15 17:55:21 - INFO - 总批次: 42, 处理的批次: 42
2025-12-15 17:55:21 - INFO - 测试集标签分布 - 正常样本: 31, 异常样本: 53
2025-12-15 17:55:21 - INFO - 测试集预测分布 - 正常预测: 80, 异常预测: 4
2025-12-15 17:55:21 - INFO - 准确率: 0.3690, 精确率: 0.5000, 召回率: 0.0377, F1分数: 0.0702
2025-12-15 17:55:21 - INFO - 正常样本平均得分: 3.4863, 异常样本平均得分: 3.3589, PRAUC: 0.5462
2025-12-15 17:55:21 - INFO - 模型已保存到 saved_models\best_robust_wavelet_stgnn_model.pth
2025-12-15 17:55:21 - INFO - Epoch [5/150] - Train Loss: 2.0544 | Val Loss: 12.4621 | Test PR AUC: 0.5462 | Test ROC AUC: 0.3335 | Test Recall: 0.0377
2025-12-15 17:55:21 - INFO - Epoch [6/150]
2025-12-15 17:57:06 - INFO -   训练损失 - 总损失: 1.7745, InfoNCE: 0.8582, BCE: 0.1127,diversity: 0.0173
2025-12-15 17:57:25 - INFO -   验证损失: 13.3489
2025-12-15 17:57:45 - INFO - 更新阈值: 3.854099
2025-12-15 17:58:03 - INFO - 总批次: 42, 处理的批次: 42
2025-12-15 17:58:03 - INFO - 测试集标签分布 - 正常样本: 31, 异常样本: 53
2025-12-15 17:58:03 - INFO - 测试集预测分布 - 正常预测: 80, 异常预测: 4
2025-12-15 17:58:03 - INFO - 准确率: 0.3690, 精确率: 0.5000, 召回率: 0.0377, F1分数: 0.0702
2025-12-15 17:58:03 - INFO - 正常样本平均得分: 3.5804, 异常样本平均得分: 3.4485, PRAUC: 0.5481
2025-12-15 17:58:03 - INFO - 模型已保存到 saved_models\best_robust_wavelet_stgnn_model.pth
2025-12-15 17:58:03 - INFO - Epoch [7/150]
